[1022/010911:ERROR:process_reader_win.cc(173)] ResumeThread: The parameter is incorrect. (0x57)
[1022/010911:ERROR:process_reader_win.cc(142)] SuspendThread: Access is denied. (0x5)
[1022/010911:ERROR:process_reader_win.cc(142)] SuspendThread: Access is denied. (0x5)
[1022/010911:ERROR:process_reader_win.cc(142)] SuspendThread: Access is denied. (0x5)
[1022/010911:ERROR:process_info.cc(608)] range at 0xffd6a000, size 0x230 fully unreadable
[1022/010911:ERROR:process_info.cc(608)] range at 0xffd6e000, size 0xf84 fully unreadable
[1022/010911:ERROR:process_info.cc(608)] range at 0xffd69000, size 0xf84 fully unreadable
[1022/010911:ERROR:process_info.cc(608)] range at 0xffd66000, size 0xf84 fully unreadable
[1022/010911:ERROR:process_info.cc(608)] range at 0xffc3f000, size 0xf84 fully unreadable
[1022/010911:ERROR:process_info.cc(608)] range at 0xffc3c000, size 0xf84 fully unreadable
[1022/010911:ERROR:process_info.cc(608)] range at 0xffc39000, size 0xf84 fully unreadable
[1022/010911:ERROR:process_reader_win.cc(233)] ReadMemory at 0x8e0000 of 64 bytes failed: Only part of a ReadProcessMemory or WriteProcessMemory request was completed. (0x12B)
[1022/010911:WARNING:pe_image_reader.cc(281)] could not read dos header from C:\Program Files (x86)\Google\Chrome\Application\chrome.exe
[1022/010911:ERROR:process_reader_win.cc(233)] ReadMemory at 0x776f0000 of 64 bytes failed: Only part of a ReadProcessMemory or WriteProcessMemory request was completed. (0x12B)
[1022/010911:WARNING:pe_image_reader.cc(281)] could not read dos header from C:\WINDOWS\SYSTEM32\ntdll.dll
[1022/010911:ERROR:process_reader_win.cc(233)] ReadMemory at 0x75a20000 of 64 bytes failed: Only part of a ReadProcessMemory or WriteProcessMemory request was completed. (0x12B)
[1022/010911:WARNING:pe_image_reader.cc(281)] could not read dos header from C:\WINDOWS\SYSTEM32\KERNELBASE.dll
[1022/010911:ERROR:process_reader_win.cc(233)] ReadMemory at 0x76170000 of 64 bytes failed: Only part of a ReadProcessMemory or WriteProcessMemory request was completed. (0x12B)
[1022/010911:WARNING:pe_image_reader.cc(281)] could not read dos header from C:\WINDOWS\SYSTEM32\KERNEL32.DLL
[1022/010911:ERROR:process_reader_win.cc(233)] ReadMemory at 0x73740000 of 64 bytes failed: Only part of a ReadProcessMemory or WriteProcessMemory request was completed. (0x12B)
[1022/010911:WARNING:pe_image_reader.cc(281)] could not read dos header from C:\WINDOWS\system32\apphelp.dll
[1022/010911:ERROR:process_reader_win.cc(233)] ReadMemory at 0x75860000 of 64 bytes failed: Only part of a ReadProcessMemory or WriteProcessMemory request was completed. (0x12B)
[1022/010911:WARNING:pe_image_reader.cc(281)] could not read dos header from C:\WINDOWS\SYSTEM32\msvcrt.dll
[1022/010911:ERROR:process_reader_win.cc(233)] ReadMemory at 0x74770000 of 64 bytes failed: Only part of a ReadProcessMemory or WriteProcessMemory request was completed. (0x12B)
[1022/010911:WARNING:pe_image_reader.cc(281)] could not read dos header from C:\WINDOWS\SYSTEM32\bcryptPrimitives.dll
[1022/010911:ERROR:process_reader_win.cc(233)] ReadMemory at 0x747d0000 of 64 bytes failed: Only part of a ReadProcessMemory or WriteProcessMemory request was completed. (0x12B)
[1022/010911:WARNING:pe_image_reader.cc(281)] could not read dos header from C:\WINDOWS\SYSTEM32\CRYPTBASE.dll
[1022/010911:ERROR:process_reader_win.cc(233)] ReadMemory at 0x747e0000 of 64 bytes failed: Only part of a ReadProcessMemory or WriteProcessMemory request was completed. (0x12B)
[1022/010911:WARNING:pe_image_reader.cc(281)] could not read dos header from C:\WINDOWS\SYSTEM32\SspiCli.dll
[1022/010911:ERROR:process_reader_win.cc(233)] ReadMemory at 0x754f0000 of 64 bytes failed: Only part of a ReadProcessMemory or WriteProcessMemory request was completed. (0x12B)
[1022/010911:WARNING:pe_image_reader.cc(281)] could not read dos header from C:\WINDOWS\SYSTEM32\RPCRT4.dll
[1022/010911:ERROR:process_reader_win.cc(233)] ReadMemory at 0x75bb0000 of 64 bytes failed: Only part of a ReadProcessMemory or WriteProcessMemory request was completed. (0x12B)
[1022/010911:WARNING:pe_image_reader.cc(281)] could not read dos header from C:\WINDOWS\SYSTEM32\sechost.dll
[1022/010911:ERROR:process_reader_win.cc(233)] ReadMemory at 0x75190000 of 64 bytes failed: Only part of a ReadProcessMemory or WriteProcessMemory request was completed. (0x12B)
[1022/010911:WARNING:pe_image_reader.cc(281)] could not read dos header from C:\WINDOWS\SYSTEM32\ADVAPI32.dll
[1022/010911:ERROR:process_reader_win.cc(233)] ReadMemory at 0x736f0000 of 64 bytes failed: Only part of a ReadProcessMemory or WriteProcessMemory request was completed. (0x12B)
[1022/010911:WARNING:pe_image_reader.cc(281)] could not read dos header from C:\Program Files (x86)\Google\Chrome\Application\53.0.2785.143\chrome_elf.dll
[1022/010911:ERROR:process_reader_win.cc(233)] ReadMemory at 0x745b0000 of 64 bytes failed: Only part of a ReadProcessMemory or WriteProcessMemory request was completed. (0x12B)
[1022/010911:WARNING:pe_image_reader.cc(281)] could not read dos header from C:\WINDOWS\SYSTEM32\VERSION.dll
[1022/010911:ERROR:process_reader_win.cc(233)] ReadMemory at 0x748c0000 of 64 bytes failed: Only part of a ReadProcessMemory or WriteProcessMemory request was completed. (0x12B)
[1022/010911:WARNING:pe_image_reader.cc(281)] could not read dos header from C:\WINDOWS\SYSTEM32\cfgmgr32.dll
[1022/010911:ERROR:process_reader_win.cc(233)] ReadMemory at 0x73f40000 of 64 bytes failed: Only part of a ReadProcessMemory or WriteProcessMemory request was completed. (0x12B)
[1022/010911:WARNING:pe_image_reader.cc(281)] could not read dos header from C:\WINDOWS\SYSTEM32\DEVOBJ.dll
[1022/010911:ERROR:process_reader_win.cc(233)] ReadMemory at 0x73f70000 of 64 bytes failed: Only part of a ReadProcessMemory or WriteProcessMemory request was completed. (0x12B)
[1022/010911:WARNING:pe_image_reader.cc(281)] could not read dos header from C:\WINDOWS\SYSTEM32\WINMMBASE.dll
[1022/010911:ERROR:process_reader_win.cc(233)] ReadMemory at 0x75d70000 of 64 bytes failed: Only part of a ReadProcessMemory or WriteProcessMemory request was completed. (0x12B)
[1022/010911:WARNING:pe_image_reader.cc(281)] could not read dos header from C:\WINDOWS\SYSTEM32\GDI32.dll
[1022/010911:ERROR:process_reader_win.cc(233)] ReadMemory at 0x75210000 of 64 bytes failed: Only part of a ReadProcessMemory or WriteProcessMemory request was completed. (0x12B)
[1022/010911:WARNING:pe_image_reader.cc(281)] could not read dos header from C:\WINDOWS\SYSTEM32\USER32.dll
[1022/010911:ERROR:process_reader_win.cc(233)] ReadMemory at 0x75350000 of 64 bytes failed: Only part of a ReadProcessMemory or WriteProcessMemory request was completed. (0x12B)
[1022/010911:WARNING:pe_image_reader.cc(281)] could not read dos header from C:\WINDOWS\SYSTEM32\MSCTF.dll
[1022/010911:ERROR:process_reader_win.cc(233)] ReadMemory at 0x75830000 of 64 bytes failed: Only part of a ReadProcessMemory or WriteProcessMemory request was completed. (0x12B)
[1022/010911:WARNING:pe_image_reader.cc(281)] could not read dos header from C:\WINDOWS\SYSTEM32\IMM32.DLL
[1022/010911:ERROR:process_reader_win.cc(233)] ReadMemory at 0x73fa0000 of 64 bytes failed: Only part of a ReadProcessMemory or WriteProcessMemory request was completed. (0x12B)
[1022/010911:WARNING:pe_image_reader.cc(281)] could not read dos header from C:\WINDOWS\SYSTEM32\WINMM.dll
[1022/010911:ERROR:process_reader_win.cc(233)] ReadMemory at 0x74ca0000 of 64 bytes failed: Only part of a ReadProcessMemory or WriteProcessMemory request was completed. (0x12B)
[1022/010911:WARNING:pe_image_reader.cc(281)] could not read dos header from C:\WINDOWS\SYSTEM32\profapi.dll
[1022/010911:ERROR:process_reader_win.cc(233)] ReadMemory at 0x73fd0000 of 64 bytes failed: Only part of a ReadProcessMemory or WriteProcessMemory request was completed. (0x12B)
[1022/010911:WARNING:pe_image_reader.cc(281)] could not read dos header from C:\WINDOWS\SYSTEM32\USERENV.dll
[1022/010911:ERROR:process_reader_win.cc(233)] ReadMemory at 0x73ff0000 of 64 bytes failed: Only part of a ReadProcessMemory or WriteProcessMemory request was completed. (0x12B)
[1022/010911:WARNING:pe_image_reader.cc(281)] could not read dos header from C:\WINDOWS\SYSTEM32\WTSAPI32.dll
[1022/010911:ERROR:process_reader_win.cc(233)] ReadMemory at 0x73860000 of 64 bytes failed: Only part of a ReadProcessMemory or WriteProcessMemory request was completed. (0x12B)
[1022/010911:WARNING:pe_image_reader.cc(281)] could not read dos header from C:\WINDOWS\SYSTEM32\WINHTTP.dll
[1022/010911:ERROR:process_reader_win.cc(233)] ReadMemory at 0x74ae0000 of 64 bytes failed: Only part of a ReadProcessMemory or WriteProcessMemory request was completed. (0x12B)
[1022/010911:WARNING:pe_image_reader.cc(281)] could not read dos header from C:\WINDOWS\SYSTEM32\combase.dll
[1022/010911:ERROR:process_reader_win.cc(233)] ReadMemory at 0x754a0000 of 64 bytes failed: Only part of a ReadProcessMemory or WriteProcessMemory request was completed. (0x12B)
[1022/010911:WARNING:pe_image_reader.cc(281)] could not read dos header from C:\WINDOWS\SYSTEM32\shlwapi.dll
[1022/010911:ERROR:process_reader_win.cc(233)] ReadMemory at 0x75ba0000 of 64 bytes failed: Only part of a ReadProcessMemory or WriteProcessMemory request was completed. (0x12B)
[1022/010911:WARNING:pe_image_reader.cc(281)] could not read dos header from C:\WINDOWS\SYSTEM32\kernel.appcore.dll
[1022/010911:ERROR:process_reader_win.cc(233)] ReadMemory at 0x75690000 of 64 bytes failed: Only part of a ReadProcessMemory or WriteProcessMemory request was completed. (0x12B)
[1022/010911:WARNING:pe_image_reader.cc(281)] could not read dos header from C:\WINDOWS\SYSTEM32\shcore.dll
[1022/010911:ERROR:process_reader_win.cc(233)] ReadMemory at 0x75920000 of 64 bytes failed: Only part of a ReadProcessMemory or WriteProcessMemory request was completed. (0x12B)
[1022/010911:WARNING:pe_image_reader.cc(281)] could not read dos header from C:\WINDOWS\SYSTEM32\powrprof.dll
[1022/010911:ERROR:process_reader_win.cc(233)] ReadMemory at 0x74cb0000 of 64 bytes failed: Only part of a ReadProcessMemory or WriteProcessMemory request was completed. (0x12B)
[1022/010911:WARNING:pe_image_reader.cc(281)] could not read dos header from C:\WINDOWS\SYSTEM32\windows.storage.dll
[1022/010911:ERROR:process_reader_win.cc(233)] ReadMemory at 0x76260000 of 64 bytes failed: Only part of a ReadProcessMemory or WriteProcessMemory request was completed. (0x12B)
[1022/010911:WARNING:pe_image_reader.cc(281)] could not read dos header from C:\WINDOWS\SYSTEM32\SHELL32.dll
[1022/010911:ERROR:process_reader_win.cc(233)] ReadMemory at 0x77640000 of 64 bytes failed: Only part of a ReadProcessMemory or WriteProcessMemory request was completed. (0x12B)
[1022/010911:WARNING:pe_image_reader.cc(281)] could not read dos header from C:\WINDOWS\SYSTEM32\PSAPI.DLL
[1022/010911:ERROR:process_reader_win.cc(233)] ReadMemory at 0x745c0000 of 64 bytes failed: Only part of a ReadProcessMemory or WriteProcessMemory request was completed. (0x12B)
[1022/010911:WARNING:pe_image_reader.cc(281)] could not read dos header from C:\WINDOWS\SYSTEM32\bcrypt.dll
[1022/010911:ERROR:process_reader_win.cc(233)] ReadMemory at 0x71c60000 of 64 bytes failed: Only part of a ReadProcessMemory or WriteProcessMemory request was completed. (0x12B)
[1022/010911:WARNING:pe_image_reader.cc(281)] could not read dos header from C:\WINDOWS\SYSTEM32\WINSPOOL.DRV
[1022/010911:ERROR:process_reader_win.cc(233)] ReadMemory at 0x70790000 of 64 bytes failed: Only part of a ReadProcessMemory or WriteProcessMemory request was completed. (0x12B)
[1022/010911:WARNING:pe_image_reader.cc(281)] could not read dos header from C:\WINDOWS\WinSxS\x86_microsoft.windows.common-controls_6595b64144ccf1df_6.0.10240.16384_none_3bccb1ff6bcd1849\COMCTL32.dll
[1022/010911:ERROR:process_reader_win.cc(233)] ReadMemory at 0x74800000 of 64 bytes failed: Only part of a ReadProcessMemory or WriteProcessMemory request was completed. (0x12B)
[1022/010911:WARNING:pe_image_reader.cc(281)] could not read dos header from C:\WINDOWS\SYSTEM32\COMDLG32.dll
[1022/010911:ERROR:process_reader_win.cc(233)] ReadMemory at 0x76080000 of 64 bytes failed: Only part of a ReadProcessMemory or WriteProcessMemory request was completed. (0x12B)
[1022/010911:WARNING:pe_image_reader.cc(281)] could not read dos header from C:\WINDOWS\SYSTEM32\ole32.dll
[1022/010911:ERROR:process_reader_win.cc(233)] ReadMemory at 0x75720000 of 64 bytes failed: Only part of a ReadProcessMemory or WriteProcessMemory request was completed. (0x12B)
[1022/010911:WARNING:pe_image_reader.cc(281)] could not read dos header from C:\WINDOWS\SYSTEM32\OLEAUT32.dll
[1022/010911:ERROR:process_reader_win.cc(233)] ReadMemory at 0x75470000 of 64 bytes failed: Only part of a ReadProcessMemory or WriteProcessMemory request was completed. (0x12B)
[1022/010911:WARNING:pe_image_reader.cc(281)] could not read dos header from C:\WINDOWS\SYSTEM32\NSI.dll
[1022/010911:ERROR:process_reader_win.cc(233)] ReadMemory at 0x73830000 of 64 bytes failed: Only part of a ReadProcessMemory or WriteProcessMemory request was completed. (0x12B)
[1022/010911:WARNING:pe_image_reader.cc(281)] could not read dos header from C:\WINDOWS\SYSTEM32\WINNSI.DLL
[1022/010911:ERROR:process_reader_win.cc(233)] ReadMemory at 0x73df0000 of 64 bytes failed: Only part of a ReadProcessMemory or WriteProcessMemory request was completed. (0x12B)
[1022/010911:WARNING:pe_image_reader.cc(281)] could not read dos header from C:\WINDOWS\SYSTEM32\IPHLPAPI.DLL
[1022/010911:ERROR:process_reader_win.cc(233)] ReadMemory at 0x757c0000 of 64 bytes failed: Only part of a ReadProcessMemory or WriteProcessMemory request was completed. (0x12B)
[1022/010911:WARNING:pe_image_reader.cc(281)] could not read dos header from C:\WINDOWS\SYSTEM32\WS2_32.dll
[1022/010911:ERROR:process_reader_win.cc(233)] ReadMemory at 0x77620000 of 64 bytes failed: Only part of a ReadProcessMemory or WriteProcessMemory request was completed. (0x12B)
[1022/010911:WARNING:pe_image_reader.cc(281)] could not read dos header from C:\WINDOWS\SYSTEM32\USP10.dll
[1022/010911:ERROR:process_reader_win.cc(233)] ReadMemory at 0x75820000 of 64 bytes failed: Only part of a ReadProcessMemory or WriteProcessMemory request was completed. (0x12B)
[1022/010911:WARNING:pe_image_reader.cc(281)] could not read dos header from C:\WINDOWS\SYSTEM32\MSASN1.dll
[1022/010911:ERROR:process_reader_win.cc(233)] ReadMemory at 0x74960000 of 64 bytes failed: Only part of a ReadProcessMemory or WriteProcessMemory request was completed. (0x12B)
[1022/010911:WARNING:pe_image_reader.cc(281)] could not read dos header from C:\WINDOWS\SYSTEM32\CRYPT32.dll
[1022/010911:ERROR:process_reader_win.cc(233)] ReadMemory at 0x759d0000 of 64 bytes failed: Only part of a ReadProcessMemory or WriteProcessMemory request was completed. (0x12B)
[1022/010911:WARNING:pe_image_reader.cc(281)] could not read dos header from C:\WINDOWS\SYSTEM32\WINTRUST.dll
[1022/010911:ERROR:process_reader_win.cc(233)] ReadMemory at 0x73850000 of 64 bytes failed: Only part of a ReadProcessMemory or WriteProcessMemory request was completed. (0x12B)
[1022/010911:WARNING:pe_image_reader.cc(281)] could not read dos header from C:\WINDOWS\SYSTEM32\Secur32.dll
[1022/010911:ERROR:process_reader_win.cc(233)] ReadMemory at 0x65ee0000 of 64 bytes failed: Only part of a ReadProcessMemory or WriteProcessMemory request was completed. (0x12B)
[1022/010911:WARNING:pe_image_reader.cc(281)] could not read dos header from C:\Program Files (x86)\Google\Chrome\Application\53.0.2785.143\chrome_child.dll
[1022/010911:ERROR:process_reader_win.cc(233)] ReadMemory at 0x703a0000 of 64 bytes failed: Only part of a ReadProcessMemory or WriteProcessMemory request was completed. (0x12B)
[1022/010911:WARNING:pe_image_reader.cc(281)] could not read dos header from C:\WINDOWS\SYSTEM32\dwrite.dll
[1022/010911:ERROR:process_reader_win.cc(233)] ReadMemory at 0x8e0000 of 64 bytes failed: Only part of a ReadProcessMemory or WriteProcessMemory request was completed. (0x12B)
[1022/010911:WARNING:pe_image_reader.cc(281)] could not read dos header from C:\Program Files (x86)\Google\Chrome\Application\chrome.exe
[1022/010911:ERROR:process_reader_win.cc(233)] ReadMemory at 0x776f0000 of 64 bytes failed: Only part of a ReadProcessMemory or WriteProcessMemory request was completed. (0x12B)
[1022/010911:WARNING:pe_image_reader.cc(281)] could not read dos header from C:\WINDOWS\SYSTEM32\ntdll.dll
[1022/010911:ERROR:process_reader_win.cc(233)] ReadMemory at 0x75a20000 of 64 bytes failed: Only part of a ReadProcessMemory or WriteProcessMemory request was completed. (0x12B)
[1022/010911:WARNING:pe_image_reader.cc(281)] could not read dos header from C:\WINDOWS\SYSTEM32\KERNELBASE.dll
[1022/010911:ERROR:process_reader_win.cc(233)] ReadMemory at 0x76170000 of 64 bytes failed: Only part of a ReadProcessMemory or WriteProcessMemory request was completed. (0x12B)
[1022/010911:WARNING:pe_image_reader.cc(281)] could not read dos header from C:\WINDOWS\SYSTEM32\KERNEL32.DLL
[1022/010911:ERROR:process_reader_win.cc(233)] ReadMemory at 0x73740000 of 64 bytes failed: Only part of a ReadProcessMemory or WriteProcessMemory request was completed. (0x12B)
[1022/010911:WARNING:pe_image_reader.cc(281)] could not read dos header from C:\WINDOWS\system32\apphelp.dll
[1022/010911:ERROR:process_reader_win.cc(233)] ReadMemory at 0x75860000 of 64 bytes failed: Only part of a ReadProcessMemory or WriteProcessMemory request was completed. (0x12B)
[1022/010911:WARNING:pe_image_reader.cc(281)] could not read dos header from C:\WINDOWS\SYSTEM32\msvcrt.dll
[1022/010911:ERROR:process_reader_win.cc(233)] ReadMemory at 0x74770000 of 64 bytes failed: Only part of a ReadProcessMemory or WriteProcessMemory request was completed. (0x12B)
[1022/010911:WARNING:pe_image_reader.cc(281)] could not read dos header from C:\WINDOWS\SYSTEM32\bcryptPrimitives.dll
[1022/010911:ERROR:process_reader_win.cc(233)] ReadMemory at 0x747d0000 of 64 bytes failed: Only part of a ReadProcessMemory or WriteProcessMemory request was completed. (0x12B)
[1022/010911:WARNING:pe_image_reader.cc(281)] could not read dos header from C:\WINDOWS\SYSTEM32\CRYPTBASE.dll
[1022/010911:ERROR:process_reader_win.cc(233)] ReadMemory at 0x747e0000 of 64 bytes failed: Only part of a ReadProcessMemory or WriteProcessMemory request was completed. (0x12B)
[1022/010911:WARNING:pe_image_reader.cc(281)] could not read dos header from C:\WINDOWS\SYSTEM32\SspiCli.dll
[1022/010911:ERROR:process_reader_win.cc(233)] ReadMemory at 0x754f0000 of 64 bytes failed: Only part of a ReadProcessMemory or WriteProcessMemory request was completed. (0x12B)
[1022/010911:WARNING:pe_image_reader.cc(281)] could not read dos header from C:\WINDOWS\SYSTEM32\RPCRT4.dll
[1022/010911:ERROR:process_reader_win.cc(233)] ReadMemory at 0x75bb0000 of 64 bytes failed: Only part of a ReadProcessMemory or WriteProcessMemory request was completed. (0x12B)
[1022/010911:WARNING:pe_image_reader.cc(281)] could not read dos header from C:\WINDOWS\SYSTEM32\sechost.dll
[1022/010911:ERROR:process_reader_win.cc(233)] ReadMemory at 0x75190000 of 64 bytes failed: Only part of a ReadProcessMemory or WriteProcessMemory request was completed. (0x12B)
[1022/010911:WARNING:pe_image_reader.cc(281)] could not read dos header from C:\WINDOWS\SYSTEM32\ADVAPI32.dll
[1022/010911:ERROR:process_reader_win.cc(233)] ReadMemory at 0x736f0000 of 64 bytes failed: Only part of a ReadProcessMemory or WriteProcessMemory request was completed. (0x12B)
[1022/010911:WARNING:pe_image_reader.cc(281)] could not read dos header from C:\Program Files (x86)\Google\Chrome\Application\53.0.2785.143\chrome_elf.dll
[1022/010911:ERROR:process_reader_win.cc(233)] ReadMemory at 0x745b0000 of 64 bytes failed: Only part of a ReadProcessMemory or WriteProcessMemory request was completed. (0x12B)
[1022/010911:WARNING:pe_image_reader.cc(281)] could not read dos header from C:\WINDOWS\SYSTEM32\VERSION.dll
[1022/010911:ERROR:process_reader_win.cc(233)] ReadMemory at 0x748c0000 of 64 bytes failed: Only part of a ReadProcessMemory or WriteProcessMemory request was completed. (0x12B)
[1022/010911:WARNING:pe_image_reader.cc(281)] could not read dos header from C:\WINDOWS\SYSTEM32\cfgmgr32.dll
[1022/010911:ERROR:process_reader_win.cc(233)] ReadMemory at 0x73f40000 of 64 bytes failed: Only part of a ReadProcessMemory or WriteProcessMemory request was completed. (0x12B)
[1022/010911:WARNING:pe_image_reader.cc(281)] could not read dos header from C:\WINDOWS\SYSTEM32\DEVOBJ.dll
[1022/010911:ERROR:process_reader_win.cc(233)] ReadMemory at 0x73f70000 of 64 bytes failed: Only part of a ReadProcessMemory or WriteProcessMemory request was completed. (0x12B)
[1022/010911:WARNING:pe_image_reader.cc(281)] could not read dos header from C:\WINDOWS\SYSTEM32\WINMMBASE.dll
[1022/010911:ERROR:process_reader_win.cc(233)] ReadMemory at 0x75d70000 of 64 bytes failed: Only part of a ReadProcessMemory or WriteProcessMemory request was completed. (0x12B)
[1022/010911:WARNING:pe_image_reader.cc(281)] could not read dos header from C:\WINDOWS\SYSTEM32\GDI32.dll
[1022/010911:ERROR:process_reader_win.cc(233)] ReadMemory at 0x75210000 of 64 bytes failed: Only part of a ReadProcessMemory or WriteProcessMemory request was completed. (0x12B)
[1022/010911:WARNING:pe_image_reader.cc(281)] could not read dos header from C:\WINDOWS\SYSTEM32\USER32.dll
[1022/010911:ERROR:process_reader_win.cc(233)] ReadMemory at 0x75350000 of 64 bytes failed: Only part of a ReadProcessMemory or WriteProcessMemory request was completed. (0x12B)
[1022/010911:WARNING:pe_image_reader.cc(281)] could not read dos header from C:\WINDOWS\SYSTEM32\MSCTF.dll
[1022/010911:ERROR:process_reader_win.cc(233)] ReadMemory at 0x75830000 of 64 bytes failed: Only part of a ReadProcessMemory or WriteProcessMemory request was completed. (0x12B)
[1022/010911:WARNING:pe_image_reader.cc(281)] could not read dos header from C:\WINDOWS\SYSTEM32\IMM32.DLL
[1022/010911:ERROR:process_reader_win.cc(233)] ReadMemory at 0x73fa0000 of 64 bytes failed: Only part of a ReadProcessMemory or WriteProcessMemory request was completed. (0x12B)
[1022/010911:WARNING:pe_image_reader.cc(281)] could not read dos header from C:\WINDOWS\SYSTEM32\WINMM.dll
[1022/010911:ERROR:process_reader_win.cc(233)] ReadMemory at 0x74ca0000 of 64 bytes failed: Only part of a ReadProcessMemory or WriteProcessMemory request was completed. (0x12B)
[1022/010911:WARNING:pe_image_reader.cc(281)] could not read dos header from C:\WINDOWS\SYSTEM32\profapi.dll
[1022/010911:ERROR:process_reader_win.cc(233)] ReadMemory at 0x73fd0000 of 64 bytes failed: Only part of a ReadProcessMemory or WriteProcessMemory request was completed. (0x12B)
[1022/010911:WARNING:pe_image_reader.cc(281)] could not read dos header from C:\WINDOWS\SYSTEM32\USERENV.dll
[1022/010911:ERROR:process_reader_win.cc(233)] ReadMemory at 0x73ff0000 of 64 bytes failed: Only part of a ReadProcessMemory or WriteProcessMemory request was completed. (0x12B)
[1022/010911:WARNING:pe_image_reader.cc(281)] could not read dos header from C:\WINDOWS\SYSTEM32\WTSAPI32.dll
[1022/010911:ERROR:process_reader_win.cc(233)] ReadMemory at 0x73860000 of 64 bytes failed: Only part of a ReadProcessMemory or WriteProcessMemory request was completed. (0x12B)
[1022/010911:WARNING:pe_image_reader.cc(281)] could not read dos header from C:\WINDOWS\SYSTEM32\WINHTTP.dll
[1022/010911:ERROR:process_reader_win.cc(233)] ReadMemory at 0x74ae0000 of 64 bytes failed: Only part of a ReadProcessMemory or WriteProcessMemory request was completed. (0x12B)
[1022/010911:WARNING:pe_image_reader.cc(281)] could not read dos header from C:\WINDOWS\SYSTEM32\combase.dll
[1022/010911:ERROR:process_reader_win.cc(233)] ReadMemory at 0x754a0000 of 64 bytes failed: Only part of a ReadProcessMemory or WriteProcessMemory request was completed. (0x12B)
[1022/010911:WARNING:pe_image_reader.cc(281)] could not read dos header from C:\WINDOWS\SYSTEM32\shlwapi.dll
[1022/010911:ERROR:process_reader_win.cc(233)] ReadMemory at 0x75ba0000 of 64 bytes failed: Only part of a ReadProcessMemory or WriteProcessMemory request was completed. (0x12B)
[1022/010911:WARNING:pe_image_reader.cc(281)] could not read dos header from C:\WINDOWS\SYSTEM32\kernel.appcore.dll
[1022/010911:ERROR:process_reader_win.cc(233)] ReadMemory at 0x75690000 of 64 bytes failed: Only part of a ReadProcessMemory or WriteProcessMemory request was completed. (0x12B)
[1022/010911:WARNING:pe_image_reader.cc(281)] could not read dos header from C:\WINDOWS\SYSTEM32\shcore.dll
[1022/010911:ERROR:process_reader_win.cc(233)] ReadMemory at 0x75920000 of 64 bytes failed: Only part of a ReadProcessMemory or WriteProcessMemory request was completed. (0x12B)
[1022/010911:WARNING:pe_image_reader.cc(281)] could not read dos header from C:\WINDOWS\SYSTEM32\powrprof.dll
[1022/010911:ERROR:process_reader_win.cc(233)] ReadMemory at 0x74cb0000 of 64 bytes failed: Only part of a ReadProcessMemory or WriteProcessMemory request was completed. (0x12B)
[1022/010911:WARNING:pe_image_reader.cc(281)] could not read dos header from C:\WINDOWS\SYSTEM32\windows.storage.dll
[1022/010911:ERROR:process_reader_win.cc(233)] ReadMemory at 0x76260000 of 64 bytes failed: Only part of a ReadProcessMemory or WriteProcessMemory request was completed. (0x12B)
[1022/010911:WARNING:pe_image_reader.cc(281)] could not read dos header from C:\WINDOWS\SYSTEM32\SHELL32.dll
[1022/010911:ERROR:process_reader_win.cc(233)] ReadMemory at 0x77640000 of 64 bytes failed: Only part of a ReadProcessMemory or WriteProcessMemory request was completed. (0x12B)
[1022/010911:WARNING:pe_image_reader.cc(281)] could not read dos header from C:\WINDOWS\SYSTEM32\PSAPI.DLL
[1022/010911:ERROR:process_reader_win.cc(233)] ReadMemory at 0x745c0000 of 64 bytes failed: Only part of a ReadProcessMemory or WriteProcessMemory request was completed. (0x12B)
[1022/010911:WARNING:pe_image_reader.cc(281)] could not read dos header from C:\WINDOWS\SYSTEM32\bcrypt.dll
[1022/010911:ERROR:process_reader_win.cc(233)] ReadMemory at 0x71c60000 of 64 bytes failed: Only part of a ReadProcessMemory or WriteProcessMemory request was completed. (0x12B)
[1022/010911:WARNING:pe_image_reader.cc(281)] could not read dos header from C:\WINDOWS\SYSTEM32\WINSPOOL.DRV
[1022/010911:ERROR:process_reader_win.cc(233)] ReadMemory at 0x70790000 of 64 bytes failed: Only part of a ReadProcessMemory or WriteProcessMemory request was completed. (0x12B)
[1022/010911:WARNING:pe_image_reader.cc(281)] could not read dos header from C:\WINDOWS\WinSxS\x86_microsoft.windows.common-controls_6595b64144ccf1df_6.0.10240.16384_none_3bccb1ff6bcd1849\COMCTL32.dll
[1022/010911:ERROR:process_reader_win.cc(233)] ReadMemory at 0x74800000 of 64 bytes failed: Only part of a ReadProcessMemory or WriteProcessMemory request was completed. (0x12B)
[1022/010911:WARNING:pe_image_reader.cc(281)] could not read dos header from C:\WINDOWS\SYSTEM32\COMDLG32.dll
[1022/010911:ERROR:process_reader_win.cc(233)] ReadMemory at 0x76080000 of 64 bytes failed: Only part of a ReadProcessMemory or WriteProcessMemory request was completed. (0x12B)
[1022/010911:WARNING:pe_image_reader.cc(281)] could not read dos header from C:\WINDOWS\SYSTEM32\ole32.dll
[1022/010911:ERROR:process_reader_win.cc(233)] ReadMemory at 0x75720000 of 64 bytes failed: Only part of a ReadProcessMemory or WriteProcessMemory request was completed. (0x12B)
[1022/010911:WARNING:pe_image_reader.cc(281)] could not read dos header from C:\WINDOWS\SYSTEM32\OLEAUT32.dll
[1022/010911:ERROR:process_reader_win.cc(233)] ReadMemory at 0x75470000 of 64 bytes failed: Only part of a ReadProcessMemory or WriteProcessMemory request was completed. (0x12B)
[1022/010911:WARNING:pe_image_reader.cc(281)] could not read dos header from C:\WINDOWS\SYSTEM32\NSI.dll
[1022/010911:ERROR:process_reader_win.cc(233)] ReadMemory at 0x73830000 of 64 bytes failed: Only part of a ReadProcessMemory or WriteProcessMemory request was completed. (0x12B)
[1022/010911:WARNING:pe_image_reader.cc(281)] could not read dos header from C:\WINDOWS\SYSTEM32\WINNSI.DLL
[1022/010911:ERROR:process_reader_win.cc(233)] ReadMemory at 0x73df0000 of 64 bytes failed: Only part of a ReadProcessMemory or WriteProcessMemory request was completed. (0x12B)
[1022/010911:WARNING:pe_image_reader.cc(281)] could not read dos header from C:\WINDOWS\SYSTEM32\IPHLPAPI.DLL
[1022/010911:ERROR:process_reader_win.cc(233)] ReadMemory at 0x757c0000 of 64 bytes failed: Only part of a ReadProcessMemory or WriteProcessMemory request was completed. (0x12B)
[1022/010911:WARNING:pe_image_reader.cc(281)] could not read dos header from C:\WINDOWS\SYSTEM32\WS2_32.dll
[1022/010911:ERROR:process_reader_win.cc(233)] ReadMemory at 0x77620000 of 64 bytes failed: Only part of a ReadProcessMemory or WriteProcessMemory request was completed. (0x12B)
[1022/010911:WARNING:pe_image_reader.cc(281)] could not read dos header from C:\WINDOWS\SYSTEM32\USP10.dll
[1022/010911:ERROR:process_reader_win.cc(233)] ReadMemory at 0x75820000 of 64 bytes failed: Only part of a ReadProcessMemory or WriteProcessMemory request was completed. (0x12B)
[1022/010911:WARNING:pe_image_reader.cc(281)] could not read dos header from C:\WINDOWS\SYSTEM32\MSASN1.dll
[1022/010911:ERROR:process_reader_win.cc(233)] ReadMemory at 0x74960000 of 64 bytes failed: Only part of a ReadProcessMemory or WriteProcessMemory request was completed. (0x12B)
[1022/010911:WARNING:pe_image_reader.cc(281)] could not read dos header from C:\WINDOWS\SYSTEM32\CRYPT32.dll
[1022/010911:ERROR:process_reader_win.cc(233)] ReadMemory at 0x759d0000 of 64 bytes failed: Only part of a ReadProcessMemory or WriteProcessMemory request was completed. (0x12B)
[1022/010911:WARNING:pe_image_reader.cc(281)] could not read dos header from C:\WINDOWS\SYSTEM32\WINTRUST.dll
[1022/010911:ERROR:process_reader_win.cc(233)] ReadMemory at 0x73850000 of 64 bytes failed: Only part of a ReadProcessMemory or WriteProcessMemory request was completed. (0x12B)
[1022/010911:WARNING:pe_image_reader.cc(281)] could not read dos header from C:\WINDOWS\SYSTEM32\Secur32.dll
[1022/010911:ERROR:process_reader_win.cc(233)] ReadMemory at 0x65ee0000 of 64 bytes failed: Only part of a ReadProcessMemory or WriteProcessMemory request was completed. (0x12B)
[1022/010911:WARNING:pe_image_reader.cc(281)] could not read dos header from C:\Program Files (x86)\Google\Chrome\Application\53.0.2785.143\chrome_child.dll
[1022/010911:ERROR:process_reader_win.cc(233)] ReadMemory at 0x703a0000 of 64 bytes failed: Only part of a ReadProcessMemory or WriteProcessMemory request was completed. (0x12B)
[1022/010911:WARNING:pe_image_reader.cc(281)] could not read dos header from C:\WINDOWS\SYSTEM32\dwrite.dll
[1022/010911:ERROR:process_reader_win.cc(233)] ReadMemory at 0x8e0000 of 64 bytes failed: Only part of a ReadProcessMemory or WriteProcessMemory request was completed. (0x12B)
[1022/010911:WARNING:pe_image_reader.cc(281)] could not read dos header from C:\Program Files (x86)\Google\Chrome\Application\chrome.exe
[1022/010911:ERROR:process_reader_win.cc(233)] ReadMemory at 0x776f0000 of 64 bytes failed: Only part of a ReadProcessMemory or WriteProcessMemory request was completed. (0x12B)
[1022/010911:WARNING:pe_image_reader.cc(281)] could not read dos header from C:\WINDOWS\SYSTEM32\ntdll.dll
[1022/010911:ERROR:process_reader_win.cc(233)] ReadMemory at 0x75a20000 of 64 bytes failed: Only part of a ReadProcessMemory or WriteProcessMemory request was completed. (0x12B)
[1022/010911:WARNING:pe_image_reader.cc(281)] could not read dos header from C:\WINDOWS\SYSTEM32\KERNELBASE.dll
[1022/010911:ERROR:process_reader_win.cc(233)] ReadMemory at 0x76170000 of 64 bytes failed: Only part of a ReadProcessMemory or WriteProcessMemory request was completed. (0x12B)
[1022/010911:WARNING:pe_image_reader.cc(281)] could not read dos header from C:\WINDOWS\SYSTEM32\KERNEL32.DLL
[1022/010911:ERROR:process_reader_win.cc(233)] ReadMemory at 0x73740000 of 64 bytes failed: Only part of a ReadProcessMemory or WriteProcessMemory request was completed. (0x12B)
[1022/010911:WARNING:pe_image_reader.cc(281)] could not read dos header from C:\WINDOWS\system32\apphelp.dll
[1022/010911:ERROR:process_reader_win.cc(233)] ReadMemory at 0x75860000 of 64 bytes failed: Only part of a ReadProcessMemory or WriteProcessMemory request was completed. (0x12B)
[1022/010911:WARNING:pe_image_reader.cc(281)] could not read dos header from C:\WINDOWS\SYSTEM32\msvcrt.dll
[1022/010911:ERROR:process_reader_win.cc(233)] ReadMemory at 0x74770000 of 64 bytes failed: Only part of a ReadProcessMemory or WriteProcessMemory request was completed. (0x12B)
[1022/010911:WARNING:pe_image_reader.cc(281)] could not read dos header from C:\WINDOWS\SYSTEM32\bcryptPrimitives.dll
[1022/010911:ERROR:process_reader_win.cc(233)] ReadMemory at 0x747d0000 of 64 bytes failed: Only part of a ReadProcessMemory or WriteProcessMemory request was completed. (0x12B)
[1022/010911:WARNING:pe_image_reader.cc(281)] could not read dos header from C:\WINDOWS\SYSTEM32\CRYPTBASE.dll
[1022/010911:ERROR:process_reader_win.cc(233)] ReadMemory at 0x747e0000 of 64 bytes failed: Only part of a ReadProcessMemory or WriteProcessMemory request was completed. (0x12B)
[1022/010911:WARNING:pe_image_reader.cc(281)] could not read dos header from C:\WINDOWS\SYSTEM32\SspiCli.dll
[1022/010911:ERROR:process_reader_win.cc(233)] ReadMemory at 0x754f0000 of 64 bytes failed: Only part of a ReadProcessMemory or WriteProcessMemory request was completed. (0x12B)
[1022/010911:WARNING:pe_image_reader.cc(281)] could not read dos header from C:\WINDOWS\SYSTEM32\RPCRT4.dll
[1022/010911:ERROR:process_reader_win.cc(233)] ReadMemory at 0x75bb0000 of 64 bytes failed: Only part of a ReadProcessMemory or WriteProcessMemory request was completed. (0x12B)
[1022/010911:WARNING:pe_image_reader.cc(281)] could not read dos header from C:\WINDOWS\SYSTEM32\sechost.dll
[1022/010911:ERROR:process_reader_win.cc(233)] ReadMemory at 0x75190000 of 64 bytes failed: Only part of a ReadProcessMemory or WriteProcessMemory request was completed. (0x12B)
[1022/010911:WARNING:pe_image_reader.cc(281)] could not read dos header from C:\WINDOWS\SYSTEM32\ADVAPI32.dll
[1022/010911:ERROR:process_reader_win.cc(233)] ReadMemory at 0x736f0000 of 64 bytes failed: Only part of a ReadProcessMemory or WriteProcessMemory request was completed. (0x12B)
[1022/010911:WARNING:pe_image_reader.cc(281)] could not read dos header from C:\Program Files (x86)\Google\Chrome\Application\53.0.2785.143\chrome_elf.dll
[1022/010911:ERROR:process_reader_win.cc(233)] ReadMemory at 0x745b0000 of 64 bytes failed: Only part of a ReadProcessMemory or WriteProcessMemory request was completed. (0x12B)
[1022/010911:WARNING:pe_image_reader.cc(281)] could not read dos header from C:\WINDOWS\SYSTEM32\VERSION.dll
[1022/010911:ERROR:process_reader_win.cc(233)] ReadMemory at 0x748c0000 of 64 bytes failed: Only part of a ReadProcessMemory or WriteProcessMemory request was completed. (0x12B)
[1022/010911:WARNING:pe_image_reader.cc(281)] could not read dos header from C:\WINDOWS\SYSTEM32\cfgmgr32.dll
[1022/010911:ERROR:process_reader_win.cc(233)] ReadMemory at 0x73f40000 of 64 bytes failed: Only part of a ReadProcessMemory or WriteProcessMemory request was completed. (0x12B)
[1022/010911:WARNING:pe_image_reader.cc(281)] could not read dos header from C:\WINDOWS\SYSTEM32\DEVOBJ.dll
[1022/010911:ERROR:process_reader_win.cc(233)] ReadMemory at 0x73f70000 of 64 bytes failed: Only part of a ReadProcessMemory or WriteProcessMemory request was completed. (0x12B)
[1022/010911:WARNING:pe_image_reader.cc(281)] could not read dos header from C:\WINDOWS\SYSTEM32\WINMMBASE.dll
[1022/010911:ERROR:process_reader_win.cc(233)] ReadMemory at 0x75d70000 of 64 bytes failed: Only part of a ReadProcessMemory or WriteProcessMemory request was completed. (0x12B)
[1022/010911:WARNING:pe_image_reader.cc(281)] could not read dos header from C:\WINDOWS\SYSTEM32\GDI32.dll
[1022/010911:ERROR:process_reader_win.cc(233)] ReadMemory at 0x75210000 of 64 bytes failed: Only part of a ReadProcessMemory or WriteProcessMemory request was completed. (0x12B)
[1022/010911:WARNING:pe_image_reader.cc(281)] could not read dos header from C:\WINDOWS\SYSTEM32\USER32.dll
[1022/010911:ERROR:process_reader_win.cc(233)] ReadMemory at 0x75350000 of 64 bytes failed: Only part of a ReadProcessMemory or WriteProcessMemory request was completed. (0x12B)
[1022/010911:WARNING:pe_image_reader.cc(281)] could not read dos header from C:\WINDOWS\SYSTEM32\MSCTF.dll
[1022/010911:ERROR:process_reader_win.cc(233)] ReadMemory at 0x75830000 of 64 bytes failed: Only part of a ReadProcessMemory or WriteProcessMemory request was completed. (0x12B)
[1022/010911:WARNING:pe_image_reader.cc(281)] could not read dos header from C:\WINDOWS\SYSTEM32\IMM32.DLL
[1022/010911:ERROR:process_reader_win.cc(233)] ReadMemory at 0x73fa0000 of 64 bytes failed: Only part of a ReadProcessMemory or WriteProcessMemory request was completed. (0x12B)
[1022/010911:WARNING:pe_image_reader.cc(281)] could not read dos header from C:\WINDOWS\SYSTEM32\WINMM.dll
[1022/010911:ERROR:process_reader_win.cc(233)] ReadMemory at 0x74ca0000 of 64 bytes failed: Only part of a ReadProcessMemory or WriteProcessMemory request was completed. (0x12B)
[1022/010911:WARNING:pe_image_reader.cc(281)] could not read dos header from C:\WINDOWS\SYSTEM32\profapi.dll
[1022/010911:ERROR:process_reader_win.cc(233)] ReadMemory at 0x73fd0000 of 64 bytes failed: Only part of a ReadProcessMemory or WriteProcessMemory request was completed. (0x12B)
[1022/010911:WARNING:pe_image_reader.cc(281)] could not read dos header from C:\WINDOWS\SYSTEM32\USERENV.dll
[1022/010911:ERROR:process_reader_win.cc(233)] ReadMemory at 0x73ff0000 of 64 bytes failed: Only part of a ReadProcessMemory or WriteProcessMemory request was completed. (0x12B)
[1022/010911:WARNING:pe_image_reader.cc(281)] could not read dos header from C:\WINDOWS\SYSTEM32\WTSAPI32.dll
[1022/010911:ERROR:process_reader_win.cc(233)] ReadMemory at 0x73860000 of 64 bytes failed: Only part of a ReadProcessMemory or WriteProcessMemory request was completed. (0x12B)
[1022/010911:WARNING:pe_image_reader.cc(281)] could not read dos header from C:\WINDOWS\SYSTEM32\WINHTTP.dll
[1022/010911:ERROR:process_reader_win.cc(233)] ReadMemory at 0x74ae0000 of 64 bytes failed: Only part of a ReadProcessMemory or WriteProcessMemory request was completed. (0x12B)
[1022/010911:WARNING:pe_image_reader.cc(281)] could not read dos header from C:\WINDOWS\SYSTEM32\combase.dll
[1022/010911:ERROR:process_reader_win.cc(233)] ReadMemory at 0x754a0000 of 64 bytes failed: Only part of a ReadProcessMemory or WriteProcessMemory request was completed. (0x12B)
[1022/010911:WARNING:pe_image_reader.cc(281)] could not read dos header from C:\WINDOWS\SYSTEM32\shlwapi.dll
[1022/010911:ERROR:process_reader_win.cc(233)] ReadMemory at 0x75ba0000 of 64 bytes failed: Only part of a ReadProcessMemory or WriteProcessMemory request was completed. (0x12B)
[1022/010911:WARNING:pe_image_reader.cc(281)] could not read dos header from C:\WINDOWS\SYSTEM32\kernel.appcore.dll
[1022/010911:ERROR:process_reader_win.cc(233)] ReadMemory at 0x75690000 of 64 bytes failed: Only part of a ReadProcessMemory or WriteProcessMemory request was completed. (0x12B)
[1022/010911:WARNING:pe_image_reader.cc(281)] could not read dos header from C:\WINDOWS\SYSTEM32\shcore.dll
[1022/010911:ERROR:process_reader_win.cc(233)] ReadMemory at 0x75920000 of 64 bytes failed: Only part of a ReadProcessMemory or WriteProcessMemory request was completed. (0x12B)
[1022/010911:WARNING:pe_image_reader.cc(281)] could not read dos header from C:\WINDOWS\SYSTEM32\powrprof.dll
[1022/010911:ERROR:process_reader_win.cc(233)] ReadMemory at 0x74cb0000 of 64 bytes failed: Only part of a ReadProcessMemory or WriteProcessMemory request was completed. (0x12B)
[1022/010911:WARNING:pe_image_reader.cc(281)] could not read dos header from C:\WINDOWS\SYSTEM32\windows.storage.dll
[1022/010911:ERROR:process_reader_win.cc(233)] ReadMemory at 0x76260000 of 64 bytes failed: Only part of a ReadProcessMemory or WriteProcessMemory request was completed. (0x12B)
[1022/010911:WARNING:pe_image_reader.cc(281)] could not read dos header from C:\WINDOWS\SYSTEM32\SHELL32.dll
[1022/010911:ERROR:process_reader_win.cc(233)] ReadMemory at 0x77640000 of 64 bytes failed: Only part of a ReadProcessMemory or WriteProcessMemory request was completed. (0x12B)
[1022/010911:WARNING:pe_image_reader.cc(281)] could not read dos header from C:\WINDOWS\SYSTEM32\PSAPI.DLL
[1022/010911:ERROR:process_reader_win.cc(233)] ReadMemory at 0x745c0000 of 64 bytes failed: Only part of a ReadProcessMemory or WriteProcessMemory request was completed. (0x12B)
[1022/010911:WARNING:pe_image_reader.cc(281)] could not read dos header from C:\WINDOWS\SYSTEM32\bcrypt.dll
[1022/010911:ERROR:process_reader_win.cc(233)] ReadMemory at 0x71c60000 of 64 bytes failed: Only part of a ReadProcessMemory or WriteProcessMemory request was completed. (0x12B)
[1022/010911:WARNING:pe_image_reader.cc(281)] could not read dos header from C:\WINDOWS\SYSTEM32\WINSPOOL.DRV
[1022/010911:ERROR:process_reader_win.cc(233)] ReadMemory at 0x70790000 of 64 bytes failed: Only part of a ReadProcessMemory or WriteProcessMemory request was completed. (0x12B)
[1022/010911:WARNING:pe_image_reader.cc(281)] could not read dos header from C:\WINDOWS\WinSxS\x86_microsoft.windows.common-controls_6595b64144ccf1df_6.0.10240.16384_none_3bccb1ff6bcd1849\COMCTL32.dll
[1022/010911:ERROR:process_reader_win.cc(233)] ReadMemory at 0x74800000 of 64 bytes failed: Only part of a ReadProcessMemory or WriteProcessMemory request was completed. (0x12B)
[1022/010911:WARNING:pe_image_reader.cc(281)] could not read dos header from C:\WINDOWS\SYSTEM32\COMDLG32.dll
[1022/010911:ERROR:process_reader_win.cc(233)] ReadMemory at 0x76080000 of 64 bytes failed: Only part of a ReadProcessMemory or WriteProcessMemory request was completed. (0x12B)
[1022/010911:WARNING:pe_image_reader.cc(281)] could not read dos header from C:\WINDOWS\SYSTEM32\ole32.dll
[1022/010911:ERROR:process_reader_win.cc(233)] ReadMemory at 0x75720000 of 64 bytes failed: Only part of a ReadProcessMemory or WriteProcessMemory request was completed. (0x12B)
[1022/010911:WARNING:pe_image_reader.cc(281)] could not read dos header from C:\WINDOWS\SYSTEM32\OLEAUT32.dll
[1022/010911:ERROR:process_reader_win.cc(233)] ReadMemory at 0x75470000 of 64 bytes failed: Only part of a ReadProcessMemory or WriteProcessMemory request was completed. (0x12B)
[1022/010911:WARNING:pe_image_reader.cc(281)] could not read dos header from C:\WINDOWS\SYSTEM32\NSI.dll
[1022/010911:ERROR:process_reader_win.cc(233)] ReadMemory at 0x73830000 of 64 bytes failed: Only part of a ReadProcessMemory or WriteProcessMemory request was completed. (0x12B)
[1022/010911:WARNING:pe_image_reader.cc(281)] could not read dos header from C:\WINDOWS\SYSTEM32\WINNSI.DLL
[1022/010911:ERROR:process_reader_win.cc(233)] ReadMemory at 0x73df0000 of 64 bytes failed: Only part of a ReadProcessMemory or WriteProcessMemory request was completed. (0x12B)
[1022/010911:WARNING:pe_image_reader.cc(281)] could not read dos header from C:\WINDOWS\SYSTEM32\IPHLPAPI.DLL
[1022/010911:ERROR:process_reader_win.cc(233)] ReadMemory at 0x757c0000 of 64 bytes failed: Only part of a ReadProcessMemory or WriteProcessMemory request was completed. (0x12B)
[1022/010911:WARNING:pe_image_reader.cc(281)] could not read dos header from C:\WINDOWS\SYSTEM32\WS2_32.dll
[1022/010911:ERROR:process_reader_win.cc(233)] ReadMemory at 0x77620000 of 64 bytes failed: Only part of a ReadProcessMemory or WriteProcessMemory request was completed. (0x12B)
[1022/010911:WARNING:pe_image_reader.cc(281)] could not read dos header from C:\WINDOWS\SYSTEM32\USP10.dll
[1022/010911:ERROR:process_reader_win.cc(233)] ReadMemory at 0x75820000 of 64 bytes failed: Only part of a ReadProcessMemory or WriteProcessMemory request was completed. (0x12B)
[1022/010911:WARNING:pe_image_reader.cc(281)] could not read dos header from C:\WINDOWS\SYSTEM32\MSASN1.dll
[1022/010911:ERROR:process_reader_win.cc(233)] ReadMemory at 0x74960000 of 64 bytes failed: Only part of a ReadProcessMemory or WriteProcessMemory request was completed. (0x12B)
[1022/010911:WARNING:pe_image_reader.cc(281)] could not read dos header from C:\WINDOWS\SYSTEM32\CRYPT32.dll
[1022/010911:ERROR:process_reader_win.cc(233)] ReadMemory at 0x759d0000 of 64 bytes failed: Only part of a ReadProcessMemory or WriteProcessMemory request was completed. (0x12B)
[1022/010911:WARNING:pe_image_reader.cc(281)] could not read dos header from C:\WINDOWS\SYSTEM32\WINTRUST.dll
[1022/010911:ERROR:process_reader_win.cc(233)] ReadMemory at 0x73850000 of 64 bytes failed: Only part of a ReadProcessMemory or WriteProcessMemory request was completed. (0x12B)
[1022/010911:WARNING:pe_image_reader.cc(281)] could not read dos header from C:\WINDOWS\SYSTEM32\Secur32.dll
[1022/010911:ERROR:process_reader_win.cc(233)] ReadMemory at 0x65ee0000 of 64 bytes failed: Only part of a ReadProcessMemory or WriteProcessMemory request was completed. (0x12B)
[1022/010911:WARNING:pe_image_reader.cc(281)] could not read dos header from C:\Program Files (x86)\Google\Chrome\Application\53.0.2785.143\chrome_child.dll
[1022/010911:ERROR:process_reader_win.cc(233)] ReadMemory at 0x703a0000 of 64 bytes failed: Only part of a ReadProcessMemory or WriteProcessMemory request was completed. (0x12B)
[1022/010911:WARNING:pe_image_reader.cc(281)] could not read dos header from C:\WINDOWS\SYSTEM32\dwrite.dll
[1022/010911:ERROR:process_reader_win.cc(233)] ReadMemory at 0x3c8000 of 32768 bytes failed: Only part of a ReadProcessMemory or WriteProcessMemory request was completed. (0x12B)
[1022/010911:ERROR:crash_report_exception_handler.cc(98)] WriteEverything failed
[1022/010911:ERROR:scoped_process_suspend.cc(38)] NtResumeProcess: An attempt was made to access an exiting process.  (0xc000010a)
